二月 十一日
一九九五年
去年
去年 十月
二月 十六日
今年
一九九一年
二月 二十一日
二月 二十三日
二月 二十四日
二月 二十七日
前年
去年 九月
今年 四月 十八日
十九日
二月 二十八日
去年 十二月 底
本 世纪 末
二月 二十九日
二月 三日
二月 七日
去年 年底
今年 四月
一九九二年
三月 八日
一九九五年 十月
三月 十日
一九九六
一九九一
一九九四年
去年 十月份
去年 下半年
三月 二日
三月 十三日
一 至 二月份
今年 一 至 二月份
三月 十六日
今天 上午
昨天
今天 下午
今天
三月 十八日
三月 十九日
今年 前 两 月
今年 年初
三月 二十三日
今年 三月 十五日
去年 十一月 二十七日
今年 七月
三月 二十八日
三月 三日
一九八六年
三月 四日
九十年代
去年 底
四月 六日
九四年
今年 下半年
四月 十六日
一九九二年 三月
一九八六
一九九四年 十一月 十八日
四月 十八日
如今
下 世纪
四月 五日
十二月 四日
九十年代 初
十二月 七日
十二月 一日
一九九八年
今天 早晨
十二月 十一日
十二月 十四日
今年 前 十 月
今年 一 至 十月
十二月 十五日
一九七三年
明年
一九九五年 底
一九九六年
一九九五
十二月 十六日
一九九三年
今年 一 至 十一月份
十二月 十七日
一九九九年 底
今年 一 至 十一月
一 至 十一月
八十年代 初
二十一世纪
十二月 十八日
一九九七年
十二月 二十日
一 至 十一月份
今年 十一月 初
今年 十一月 底
今年 一 至 三 季度
十二月 二十一日
十二月 二日
一九九六年 三月 三十一日
一九五八年
十二月 二十二日
一九六四年
一九八八年
一九七八年
重阳节
端午
一九八七年
今年 前 三 季度
今年 年底
今年 八月
一 至 十月
上半年
六月份
十日
十二月 二十五日
一九九八年 四月 六日
