唐虹
浙江 医科院 院长 、 中国 科学 院士 毛江森
唐庆忠
专家们
经济 专家
胡辛
胡宏伟
柴骥程
胡靖国
鄯宝红
总经理 陆佑楣
施勇峰
曹银康
许霆
何涛
赵华
泰国 外交 部长
张云飞
泰国 总理
缅甸 贸易 部长 吞基
缅甸 官员
 缅甸 国家 恢复 法律 和 秩序 委员会 主席 、 政府 总理 丹瑞
班汉
钞文
陈东升
车晓蕙
内地 客商
港 澳 客商
负责人
专家
周亮
顾万明
李道佳
官员
澳 外长
澳大利亚 外长 唐纳
唐纳
凌广志
牟文建
梁小略
邹家华
王耕
国务院 领导
郭献文
议员
国会 议员
王震
美商 代表
政府 官员
康永华 律师
应谦
议员 助手
宋健
专家 代表
江国成
科技 官员
王翔
刘义
蒋秋生
江泽民
民营 企业家
李平
董建华
霍姆斯
克罗维茨
副行长
高德柱
毛朝敬
毕惠罗
张翼飞
栗建昌
葛素红
周长庆
金硕仁
丁士晟
全哲洙
周放
陈元
柯西叶
李成玉
于海生
中 日 韩 首脑
王发恩
王树柏
东亚 首脑
东亚 国家 领导人
韩国 首脑
吴定
东盟 成员国 首脑
丁宝忠
李安定
秦杰
钱其琛
 钱其琛
 江泽民
吴宇
朱晓明
邓亚平
浦乐
周德孚
张建松
白惠良
浦海
翟景升
申尊敬
孙志平
杨金义
季克良
田中角荣
尼克松
房方
李铁映
周宗敏
钱彤
顾秀莲
沈锡权
马立新
许祖华
贾治邦
李勇
