केवलादेव नेशनल पार्क 
समता 
पश्तो 
अम्मा 
नमिता 
बिडप्पा 
सोना 
शिव 
बोम्मई 
सिन्हा 
शक्ति सिन्हा 
गुप्ता 
सोमैया 
अशोक 
बसु 
शिल्पा 
शक्ति 
शर्मा 
हद्दा 
पेमा 
मल्होत्रा 
नेमा 
पेटा 
सक्सेना 
मथुरा 
शर्मिला 
बुद्ध 
डोडा 
मिश्र 
मल्लिका 
अग्निहोत्री 
सोनी 
मधु सप्रे 
बख्तू 
गोपी 
सेठी 
मेदिनी 
जोशी 
लो 
बालू 
शिलोत्री 
ब्रज 
मुद्रा 
सप्रे 
द्रौपदी 
नुस्ली 
रवि 
जोगी 
गेक्को 
रोहिली 
करौली 
केरल 
रितु बेरी 
मोहम्मद अली 
बेरी 
मुहम्मद अली 
लेले 
बिष्णुपद सेठी 
सत्यार्थी 
मधुबाला 
नगा होहो 
दिनो मोरिया 
सोनिया 
जयललिता 
केशुभाई 
करुणानिधि 
भगत 
त्रिभुवन 
अनिरुद्ध बनर्जी 
बुद्धदेव 
खट्टर 
पार्वती 
मणि रत्नम 
तलौलिकर 
जयश्री 
मणिपुर 
वर्मा 
भीष्म कुमार अग्निहोत्री 
सिल्विया स्तोरै 
ब्रजेश मिश्र 
नरूला 
को सी मणि 
बैलेनो 
अनीता 
नोगुची 
मोनिषा 
मिठाणी 
एल्टो 
जेसिका 
मचला 
मडोना 
दा गिद्धा 
मित्तल 
बेटनोटी 
सकीना 
रायगडा 
मनोज लोहिया 
शालिनी 
शास्त्री 
कण्णन 
मौत 
किरीट सोमैया 
मनोहर जोशी 
मरीना 
अब्दुल्ला 
मारुति 
मुरसोलि मारन 
कपूरथला 
गणेश 
पादुकोणे 
मसानी 
लगान 
म्हात्रे 
विजय मुखी 
भराली 
तारिणी 
विद्युतमा 
गनाई 
धन 
सिहारे 
सुभाष घई 
मालिनी 
किरण सक्सेना 
दिनेश 
पाध्या 
भट्टाचार्य 
रीता शर्मा 
अली मोहम्मद गनाई 
रोशन 
दमन 
शरद जोशी 
बुद्धदेव भट्टाचार्य 
ब्रज बरिक 
रमेश 
पालेजा 
मुइवा 
कल्याण योजना 
नरेश खट्टर 
गदर 
रमानी 
मोहन जेना 
जिन्ना 
शत्रुघ्न सिन्हा 
बासु भट्टाचार्य 
बजरिया 
सिखनी 
अबु हसनत 
दोषी 
करिश्मा 
महेश म्हात्रे 
नब जागरन 
छेत्री 
कश्यप 
अब्बासी 
अबू ओसामा 
पद्मनाभन 
तोर्शारानी 
निष्कल्प 
अभिजित सेन 
दिनेश भट्ट 
पद्मनाभ आचार्य 
अब्दुल गनी लोन 
मनोज लोहिया 
परेश पालेजा 
गोर्डन गेक्को 
राठी 
रज्जन गुज्जर 
भरत पटेल 
निरुपम 
केशुभाई पटेल 
कीर्ति पटेल 
काशी 
कटनी 
ब्रह्मभट्ट 
मुल्ला मोहम्मद उमर 
मुल्ला उमर 
भास्करन 
कमल हासन 
श्रुति कार्णिक 
दिनेश पटेल 
सुश्रुत 
मस्जिद मोठ 
शौरी 
नीहारिका 
पिनारयी विजयन 
रितु कुमार 
प्रवीण आचार्य 
मोहम्मद अली जिन्ना 
ध्रुव 
ओलिवर स्टोन 
फूलन 
महेश ठक्कर 
सूरी 
मनीषा 
नयनार 
वारा 
कैलाश सत्यार्थी 
बनर्जी 
कैलाश शर्मा 
बुश 
मुरसोली मारन 
ए.के. मित्रा 
प्रकाश जोशी 
सुब्रह्मण्यम 
मुरली मनोहर जोशी 
प्रकाश पादुकोणे 
बीखी 
शकीना अर्किस 
मदन गोपाल दमानी 
मालिनी रमानी 
पल्लवी जयकिशन 
खादी 
तरुण टहिलियाणी 
अपर्णा कपूर 
मोहम्मद बिलाल 
सुभाष ब्रह्मभट्ट 
शशि रंजनः 
करुणाकरण 
विनय पिपरसानिया 
मीसा भारती 
मेलोविति दामोदरन 
तीर्थ बहादुर श्रेष्ठ 
अर्जुन 
सुनील मोदी 
संघमित्रा भराली 
मुतुकरुप्पन 
केरन 
सतीश कौशिक 
लक्ष्मी 
सुधाकरन 
मुझे कुछ कहना है 
धर्मेंद्र 
अर्किस 
सत्तार 
भंते धम्मवीरियो 
शेखर कपूर 
केनरा 
उमर अब्दुल्ला 
मेहम 
सलीम अली 
नीरीश दवे 
रमेश नारायणन 
जैन 
अंबुमणि 
हरौडा 
मेधा पाटेकर 
दामोदरन 
हैडोस 
हनुमान 
कार्येकर 
चारू हासन 
राजेश खन्ना 
सरत बर्काटकी 
उमा कश्यप 
रंजन किशोर भट्टाचार्य 
भट्टाचार्य 
जैसलमेर 
प्रजापत 
राऊल द कुन्हा 
राणा 
जयश्री गोस्वामी 
चड्ढा 
प्रकाश 
कैलाश 
देओल 
महंत 
वर्साचे 
अजय ठक्कर 
गौतम घोष 
मीना कुमारी 
प्रवीण तोगड्Lया 
संजीव शर्मा 
दिवासिगमणि 
नवीन 
अरुण 
विजय दिवस 
महाराजकुमारी मीनाक्षी देवी 
पर 
ताइज़ुन 
गिल्ली 
गदरः 
बासुदेव सेन 
महेंद्र 
अनिल कपूर 
भोपाल 
हिंदुजा 
केतन पारेख 
गुरभजन गिल 
नरेश त्रेहन 
विवेक 
उदय 
पट्ट 
अशोक सूरी 
सुभाष चक्रवर्ती 
ऊआ 
कमल थापा 
हरियाणा 
हरेन पंड्या 
कपूरासी-कोरियानी 
बासमती 
बीरेन पाध्या 
इश्तान 
प्रमोद महाजन 
गिल 
रोहित बल 
स्तालिन 
जालू 
नारायणन 
महापात्र 
अनुपम वर्मा 
भक्तवत्सलम 
अब्दुल सत्तार 
थुनिगेलेंग मुइवा 
आर्मिटेज 
देवकांत महंत 
देवयानी 
योगेश त्यागी 
कमला दास 
गीतांजलि कश्यप 
नर्मदा बचाओ आंदोलन 
शहीद स्मारक समिति 
नेल्सन मंडेला 
शांता गोखले 
पारेख 
जगदीश खट्टर 
विजय कुमार 
रामनन 
रेड्डी 
सुरजीत भल्ला 
मुत्तुकरुप्पन 
कोलकाता 
ब्रह्मार बरिक 
मुंबई 
नूरानल 
रोमाबाई 
नागमणि 
बालासोर 
संभू 
दल 
केन नोगुची 
शोला और शबनम 
सोंधी 
वापी 
सौगत रॉय 
डालमिया 
रोशन खान 
लालू 
लज्जा कामथ 
रागी 
सुरजीत भल्ला 
शेंबगमूर्ति 
शब्बीर मनासवाला 
बब्बर खालसा 
चेन्नै 
जतिन के 
मंजुल सिन्हा 
ज़ेन 
किरण उत्तम घोष 
शमित सागर 
निषाद 
कातिए 
नवीन 
पाठक 
अजित कुमार 
नीतीश 
अतुल कुमार 
समीर 
के 
जगदीश गुज्जर 
गुल 
मोहम्मद सईद 
नरगिस 
मारन 
कुमार 
अर्धेंदु सारंगी 
अरुण शौरी 
ओनासिस 
पुकार 
राधा हत्तंगड़ी 
उमर शेख 
कहना 
प्रसाद 
लालू प्रसाद यादव 
दीपक बुधरानी 
राघवेंद्र राठौर 
निपामाचा 
अब्दुल गनी भट 
पूजा नय्यर 
चौटाला 
नंदा 
तरुण ताहलियाणी 
सतबाई 
बिमल गांधी 
बिजय महापात्र 
अशोक भान 
लिली 
होशियारपुर 
राजन भगत 
अनंत जोशी 
भोगीलाल मेहता 
इंडिका 
बीरबल दास धलिया 
सलमान रुश्दी 
अतुल भटकलकर 
नंजुंदप्पा 
वीरेंद्र जैन 
बृजेश मिश्र 
तृणमूल 
अल्मा मेटर 
जमीर 
स्कूटर 
सक्सेना 
महाजन 
हिज़्बुल मुजाहिदीन 
कुशाभाऊ ठाकरे 
बीजू जनता दल 
महावीर 
निहाल 
नेस्ले 
अशोक कुमार 
कल्लम अंजी रेड्डी 
तहलका 
गोविंद गोयल 
कैथरीन रूस्तमजी 
दीपा मेहता 
ताज समुद्र 
लुई जालू 
किरण खेर 
असीम दासगुप्त 
शांति करमा 
अरशी अमीन 
नीतीश कुमार 
करगिल 
रघुवीर छेत्री 
गोपीनाथ मुंडे 
के पीछे हैं 
कुतुबशाही 
अजय कायन 
मुहम्मद हमजा 
ओडीसा गण परिषद 
परवेज़ हाशमी 
बथारी 
मौलवी मोहम्मद वली 
नितिन बोरवाके 
तोड़ 
रमेश शाह 
मेधा पाटकर 
इंडिगो 
बिक्री 
केनेथ ऍगस्टीन 
केशव चौहान 
सोनिया गांधी 
दिगंबर जैन मुनि निर्भयसागर 
अणे मार्ग 
जसलोक 
के. त्रिपाठी 
लिलेट दुबे 
नरेंद्र कुमार अहमद 
अमीन प्रेमजी 
रुबी नूर 
ओडीसा 
फिलिप थॉमस 
कूचबिहार के डिवीजनल 
शीला चड्ढा 
संदीप ब्रह्मभट्ट 
इस 
कमलेश जैन 
राजस्थान 
यासीन मलिक 
सुनील गंगोपाध्याय 
तोलोलिंग 
रिचर्ड आर्मिटेज 
रवि बजाज 
टेरी 
अनिल अंबानी 
केतन पारीख 
नेहरू 
गांधीनगर 
राधाबिनोद कोइजाम 
शैलेश आयंगर 
एक प्रेम कथा 
शशि रंजन, 
लकपा शेरपा 
गुरुमूरित 
राधाकृष्ण दमानी 
करने 
उस्मान अली खान 
रवीना टंडन 
अनंत कुमार 
किशोर रूंगटा 
टिंकू 
द्रविड़ 
मिलिंद सोमण 
अब्दुल माजिद 
सवाई माधोपुर 
की 
अब्दुल्ला शाह गाज़ी दर्घ क्लिफ्टन 
सलीम-जावेद 
अरुंधंती 
निशात कॉलोनी 
शेखर तिवारी 
गौरव बक्शी-को 
रंजन प्रसाद यादव 
चरक 
गुनीत सिंगला 
करण जौहर 
बेकर 
मुंबईः 
केंद्र 
जालंधर बरिक 
शाह 
शरद पवार 
भराली को 
प्रियरंजन दासमुंशी ने 
आयशा प्रेम 
अरुंधति राय 
सुरेश अरोड़ा 
सभी 
माणिक उपाध्याय 
के अन्नानगर 
नागे का पार 
संजय निरुपम 
कुदरतुल्लाह जमाल 
बांडीपोर 
मुर्तजा 
सामी दिवल्या वनवी 
बामियान 
अशोक विश्वनाथन 
स्टेफनो ग्रॉसी 
सरूप 
जगदीश 
आनंद अशोक खरे 
राजा 
बरिकों 
बिश्वनाथ माझी 
संपत 
परकाश 
मलखान 
रिपुदमन सिंह 
मोहंती 
रंजन यादव 
कोइजाम 
सादिया माझी 
मोहन शमशेर जंग बहादुर राणा 
भान 
गोपालकृष्णन 
पुल्लेला गोपीचंद 
वायको 
शब्बीर शाह 
नरसिंह राव 
मैकबेथ 
सहिदुल आलम चौधरी 
संध्या तिवारी 
देते 
संबलपुर 
ब्लेयर 
हिम्मत सिंह 
सैयद मोदी 
जूलिया रॉबर्ट्स 
एस. पद्मनाभन 
क्रिस्टोफर नेलसन 
यूरोसिल 
बेथनी कॉन्वेंट 
सौन्स 
मान 
हरिंदर बवेजा 
गांधी 
बिश्वनाथ 
विजय मल्होत्रा ने 
प्रणव मुखर्जी 
राजेश 
जसबीर कौर 
गायतोंडे 
ओलिवर रोड 
पॉल कक्कास्सेरी 
प्रागपुर 
विव रिचर्ड्स 
गोयनका 
सैयद अहमद 
दलबीर कौर 
प्रफुल्ल कुमार मंहत 
प्रशांत नंदा 
प्यूरोडर्म 
बरोज़ गज़दार 
टार्जन 
कच्छ 
कोमल आनंद 
क्योंझर 
संजय त्यागी 
बिल क्लिंटन 
सरोज ओबेरॉय 
सौरव गांगुली 
निर्भय सिंह गुज्जर 
मुगल शेरेटन 
विक्रम मल्लाह 
सपन धनंजय सिंह 
सैंट्रो 
राजीव दुबे 
शेक्सपियर 
मुंडे 
नादिर खान 
कमल पांडेय 
इंदर प्रजापत 
सैयद अली जिलानी 
कारबी 
नंगरहार 
अभिषेक बांका 
जैक स्ट्रा 
जोए मैथ्यू 
राजेंद्र चतुर्वेदी, 
शेन वार्न 
अनुपम सेन, 
पाटकर 
मुगल 
मस्करेहंस 
दलितों 
टी. सुब्बीरामी रेड्डी 
झील के 
रंगराजन 
बंगारू लक्ष्मण 
रविकांत सिन्हा कहते 
धौलपुर 
सुमीत नायर 
दिग्विजय सिंह 
जालौर 
मैथ्यू सैम्युएल 
रामदास 
राऊल द्रविड़ 
अटल बिहारी वाजपेयी 
मनीषा वनसिंह करमा 
निज़ाम 
राऊल देव 
विक्रम रांगणेकर 
नवीन पटनायक 
उसे 
बाबूलाल मरांडी 
चार्ल्स 
सुंदरगढ़ 
नीना गुप्ता की ओर 
चंद्रिका कुमारतुंगा 
जयपाल रेड्डी 
ग्रॉसी 
फीसदी 
मुशर्रफ 
बिशन सिंह बेदी 
लाल लालमलानी 
चरण बरिक 
सुनीता सिंह 
सतबीर 
राजे 
चंद्रलेखा 
बुद्धदेव 
फिर 
टोनी ब्लेयर 
गिलक्रिस्ट 
इंदिरा गांधी 
ओम प्रकाश चौटाला 
फाल्गुनी पाठक 
विष्णु भागवत 
आनंद राठी 
शांता कुमार 
इंदिरा राजारामन 
दयानंद सहाय 
निझावन 
बाद 
राजीव मेनन 
देवी राम 
मुतुकृष्ण वरतराजलू 
शीला रावल सैंडी 
कश्मीरियों 
हम आपके हैं कौन 
जगदीश चौधरी 
हाजीपुर 
लक्ष्मण 
विलासराव देशमुख 
करनजीत सिंह सेठी 
कृष्णन 
कानपुर 
गुरविंदर 
हैरी बवेजा 
देने 
चोकिला अय्यर 
पारीख 
रामचंद्र उलाका 
लिए 
गौड़ा 
भुवनेश्वर 
जसबीर 
लौटे 
ढेंकानाल 
राधाकिशन मालवीय 
कुट्टी नायर 
नवेश खंडेलवाल 
विन्टेक 
निर्मल रामप्रसाद 
जना कृष्णमूर्ति 
रंजीत कपूर 
पवन कुमारः 
अटलबिहारी वाजपेयी से 
यशवंत सिन्हा 
निर्माता 
शैल राणावत 
उमा भारती-के 
किशन राव 
अरुंधती रॉय 
विवेक साहनी 
चिदंबरम 
बांका 
पटनायक 
जैसन बेकर 
का 
रिफात ऊसैन 
ह्रितिक 
बचते 
ग्लैक्सोस्मिथक्लाइन 
प्रशांत भूषण 
माधुरी दीक्षित 
अंशु अरोड़ा सेन 
मोहम्मद जाफर 
कानडा सिंह 
मनमोहन सिंह 
माजिद 
सुरेश फोगला 
कोफी अन्नान 
राजन 
देते 
फारूक अब्दुल्ला 
ली 
रजनी निझावन 
अनीता सिंह 
दिलीप रे 
स्टेवरोस नियारकोस 
पैंटालून 
परमिंदर 
पर 
बुकर 
डूंगरपुर 
भूषण 
संजय कृपाल 
डांगी 
सागर 
देहरादून 
-सुप्रिया बेजबरुआ 
बलदेव सिंह 
प्रशांत भूसन 
स्टरलाइट 
मूनीर मूफारिज 
राजा त्रिभुवन 
पाते 
सकता 
मीर गुलाम मोहम्मद 
गुरजीत 
अरुण जेटली 
वझे 
मयूरभंज 
हरिमोहन खन्ना कहते 
बंगलूर 
अरुंधती 
दाऊद इब्राहिम कासकर 
हैदराबाद 
निर्मल भंग, 
मणिशंकर अय्यर कहते 
मंउबई 
गुलाम रसूल 
हरबिंदर 
आऍटोरिक्शा 
अहमद 
काडर 
चांद मेहरा 
रोडनी फील्ड्स 
पाकिस्तानियों 
प्रीतम की 
दौरान 
जवाहरलाल नेहरू 
मीना चावला 
दिया 
क्लिंटन 
चयन बोर्ड 
संभू देवरी 
जैकलिन कैनेडी 
मुलायम सिंह यादव 
चल 
लाख 
मुलायम, 
शेख दाऊद हसन 
दीना वाडिया 
रैली को 
चंद्रबाबू नायडू 
लिबरान 
कोइज़ाम 
पूरी 
वकील अहमद मुतवक्किल 
ब्लॉक प्रमुख अशोक घोष 
जीतू वीरवानी 
सियाचिन 
अमर सिंह 
परवेज़ मुशर्रफ 
आने 
कोंडोलीजा राइस 
शाहजहां 
जया जेटली 
कर 
जैसे 
करते 
प्रफुल्ल पटेल 
अमिताभ बच्चन 
खंडायतों 
कि 
कांति बिस्वास 
पर 
फ्लोरा 
सचिन तेंडुलकर 
मालिनी अग्रवाल 
लालू यादव 
लगा 
प्रीतम सिंह 
भाषा ओ चेतना-के 
माहौल 
हिज़्बुल मुजाहिदीन 
नायक 
बढ़त 
गांगुली 
पूरा करने 
चंद्रजीत यादव 
करण सिंह दलाल 
कार्लसन 
स्वामी 
रीता कायराल 
स्वराज कौशल 
राजेश प्रताप सिंह 
चार्ल्स डिकेंस 
पाञ्चचजन्य 
चौधरी 
स्क्वॉड्रन लीडर मोहिंदर कुमार जैन 
कैनेडी 
इंफाल 
पावला अल्बेरताज़ी, 
डाबर 
तिरु 
भिंड 
दिलबर सिंह 
सुषमा स्वराज 
होने 
जा 
ब्लेयर 
फारुक अब्दुल्ला 
लालाराम 
ललित मान सिंह 
नारंग 
तैमूर 
सांग लाल 
बार 
एस्टीबन विजमैन 
इंटरवेंशनल कार्डियोलॉजी 
सिंह गुज्जर 
और 
दाऊद हसन 
राजीव गांधी 
गुलाम हसन 
के. स्टालिन 
के. स्तालिन 
करुणानिधि के 
पकड़ 
राजीव त्यागी 
कर्ज 
रेहन इंजीनियर 
बांग्लादेशियों 
यशवंत नाडकर्णी 
विश्वभूषण हरिचंदन 
हरकिशन सिंह सुरजीत 
कुतुब मीनार 
जैकस शिराक 
मीनू आर 
इंदिरा' 
रखने 
यह 
कक्कड़ 
तारा सिंह 
गुलाम हसन वानी 
ज्यादा 
एस. ओबेराय 
फातिमा बीवी 
नलिनीकांत मोहंती अन्य 
गए 
मगर 
गाजियाबाद 
अजीम प्रेमजी 
एल्विन डी'सूजा 
पंकज 
आरिफ मसूद 
फ्लिन रेमेडियोस 
शंकर प्रसाद टेकरीवाल 
सुरिंदर एस 
माधवराव सिंधिया 
अर्जुन सिंह 
बोफोर्स 
ज्ञानेंद्र 
पांडेय 
कंचन 
पंत 
जसबीर सिंह 
राजेश वनवी 
टिकट 
दयाल राम 
जिम्मेदारी 
तंबीदुरै 
गोपीचंद 
परवेज मुशर्रफ 
गुरेज 
जगजीत सिंह चौहान 
चौधरी 
बजाज 
एस्मॉन 
ऊमायूं 
कराची 
फैसले 
गुरजीत सिंह 
कोलाबा आऍप्टिशियंस 
गुरबीर सिंह 
और 
पेंडसे 
एस.के. चौधरी 
माइकल मस्करेहंस 
जल्दी 
वाहेंगबम निपामाचा सिंह 
वाजपेयी 
बेशक 
रूमा पॉल 
राबड़ी देवी 
बनाते ऊए 
हफीज मुहम्मद तो 
महीने जब 
परमिंदर सिंह 
डंकन 
राजीव चोपड़ा 
उत्तर 
वीरवानी 
सितारा 
समय 
श्वार्जेनेगर 
अरविंद जौहरी 
मेग रयान 
सूरज बड़जात्या 
जेटली 
राजिंदर सच्चर 
मेरी चूनर उड़-उड़ जाए ने 
राज चोपड़ा 
चेनी 
शैली 
मुताबिक 
सफल 
अयोध्या 
टी.के. संपत 
माणक अग्रवाल 
की 
बचन सिंह आर्य 
बढ़ा 
कमला मेघवाल 
लौट रही 
हरबिंदर सिंह 
पेश 
इमानुल हक 
संग्रह 
ऊई 
अनिल अग्रवाल 
जार्ज फर्नांडीस 
कहना 
रूंगटा 
नंदलाल रघुवंशी 
देने 
प्रेम सिंह 
उमेद सिंह 
स्यू होम्स 
मिली 
बजाज चेतक 
वार्न 
अरुण सिंह 
नांबियार 
हरमिंदर सिंह चाथा 
मुमताज बेन 
मटीज 
करीब 
के.आर. नारायणन 
कृष्णा 
अय्यर 
आडवाणी 
निर्माता 
बाल ठाकरे 
फर्नांडीस 
चठे सेखवां 
ठाकरे 
जसवंत 
