SPD Fraktionsvorsitzender
Ilse Wolf
Frank Hoffmann
Lee Reichman
Peter Eick
Dagmar Beckmann
Hugo Zingel
Patrick Bruel
Karl-Heinz Weiss
Joseph Steiner
Mark Osepkin
Anton Winter
SPD-Fraktionsvorsitzender
SPD-Chef
SPD-Gechäftsführer
SPDFraktionschef
SPD-Fraktionschef
SPD-Bundestagsabgeordnete
SPD-Vorsitzende
SPD-Bundestagsabgeordnete
SPD Bundestagsabgeordnete
SPD-Minister
SPD Minister
SPDMinister
SPD-Ortsbeirätin
SPD-Ortsbeirat
SPD-Politikers
SPD-Politiker
SPDFraktion
SPD-Fraktion
Dash Yonden
Horst Seip
Keisha Witcher
Ernst Welteke
Karlheinz Stockhausen
Jürgen Banzer
George Bernard Shaws