an
ani
anii
anilor
anotimp
anotimpul
anotimpuri
anotimpurile
anul
anului
decada
decade
decadei
decadele
decadelor
decadă
decenii
deceniile
deceniilor
deceniu
deceniul
deceniului
echinocţii
echinocţiile
echinocţiu
echinocţiul
luna
luni
lunile
lună
milenii
mileniile
mileniilor
mileniu
mileniul
mileniului
secol
secole
secolele
secolelor
secolul
secolului
solstiţii
solstiţiile
solstiţiu
solstiţiul
săptamâna
săptamâni
săptamânile
săptamână
sărbătoare
veac
veacul
veacului
veacuri
veacurile
veacurilor
weekend
weekends
zilele
ziua
