APR
APR.
APRILIE
AUG
AUG.
AUGUST
Apr
Apr.
Aprilie
Aug
Aug.
August
DEC
DEC.
DECEMBRIE
Dec
Dec.
Decembrie
FEB
FEB.
FEBRUARIE
Feb
Feb.
Februarie
IAN
IAN.
IANUARIE
IUL
IUL.
IULIE
IUN
IUN.
IUNIE
Ian
Ian.
Ianuarie
Iarna
Iarnă
Iul
Iul.
Iulie
Iun
Iun.
Iunie
MAR
MAR.
MARTIE
Mar
Mar.
Martie
NOIEMBRIE
Noiembrie
OCT
OCT.
OCTOMBRIE
Oct
Oct.
Octombrie
primăvara
Primăvara
PRIMĂVARA
primăvară
Primăvară
PRIMĂVARĂ
SEP
SEP.
SEPT
SEPT.
SEPTEMBRIE
Sep
Sep.
Sept
Sept.
Septembrie
Toamna
Toamnă
toamnei
toamna
Vara
Vară
apr
apr.
aprilie
aug
aug.
august
dec
dec.
decembrie
feb
feb.
febr.
februarie
ian
ian.
ianuarie
iarna
iarnă
iul
iul.
iulie
iun
iun.
iunie
mar
mar.
martie
noiembrie
oct
oct.
octombrie
sep
sep.
sept
sept.
septembrie
toamna
toamnă
vara
vară
