a cincea
a cincisprezecea
a cincizecea
a doua
a douăsprezecea
a douăzecea
a noua
a nouăsprezecea
a nouăzecea
a opta
a optsprezecea
a paisprezecea
a patra
a patruzecea
a treia
a treisprezecea
a treizecea
a unpresprezecea
a zecea
a şaisprezecea
a şaizecea
a şaptea
a şaptsprezecea
a şasea
al cincilea
al cincisprezecelea
al cincizecelea
al doilea
al douăsprezecelea
al douăzecelea
al nouălea
al nouăsprezecelea
al nouăzecelea
al optsprezecelea
al optulea
al paisprezecelea
al patrulea
al patruzecelea
al treilea
al treisprezecea
al treizecelea
al unsprezecelea
al zecelea
al şaisprezecelea
al şaizecelea
al şaptelea
al şaptesprezecelea
al şaselea
prima
primul
