A.A.A.
A.A.S.
Ab
AB
ABB
ABC
A.B.C.
A.B.G.
ABN
A.B.N.
AC
A.C.
ACC
A.C.D.
ACE
A.C.I.
A.C.P.
A.C.S.
a.d.
AD
A.D.
A.D.F.
A.D.M.
AE
A. en P.
AENP
AFC
A.F.C.
Ag
AG
A.G.
AG &AMP; Co KG
AG &AMP; COKG
AG & Co KG
AG & COKG
A/L
AmbA
AMBA
ANS
Apb
ApS
ApS & Co.
A/S
A.S.
ASA
Associates
ASSOCIATES
AVV
Ay
AY
B F.C.
Bhd
BHD
Bpk
Bros
BROS
Brothers
BROTHERS
Bt
Bv
BV
B.V.
BVBA
CA
C.de R.L.
CDERL
Co
CO
Compagnie
Company
Coop
Co-op
COOP
Cooperative
Co-operative
COOPERATIVE
corp
Corp
Corp.
CORP
Corporation
CORPORATION
Cos
Cos.
COS
C.por A.
CPORA
CV
C.V.
CVA
CVoA
DA
d/b/a
d.d
d.n.o.
d.o.o.
EE
EEG
eGmbh
EGMBH
EIRL
ELP
EPE
EURL
e.V.
FC
F.C
GbR
GCV
GesmbH
gGmbH
GIE
Gmbh
GmbH
G.m.b.H.
GMBH
G.M.B.H.
G.m.b.H.&AMP; CO, KG
GMBH &AMP; COKG
GmbH & Co. KG
G.m.b.H.& CO, KG
GMBH & COKG
GSC
G.S.C.
HB
hf
HMIG
HVER
IBC
Inc
INC
Incorporated
INCORPORATED
Industries
INDUSTRIES
I/S
KA/S
Kb
k.d.
KD
KDA
k.d.d.
Kft
KG
KGaA
Kk
KK
Kkt
Kol. SrK
Kom. SrK
k.s.
K/S
Kv
Ky
lda
LDA
LDC
Limitada
LIMITADA
Limited
LIMITED
LLC
L.L.C.
LLP
Lp
LP
L.P.
Ltd
LTD
Ltda
mbh
mbH
m.b.H.
MBH
M.B.H.
m.b.H.&AMP; CO, KG
MBH &AMP; COKG
m.b.H.& CO, KG
MBH & COKG
Mfg
MIJ
Na
NA
N.A>
N.A.
NT
Nv
NV
N.V.
ocD
OE
OHG
OU **
Oy
OY
OYAB
OYJ
PC Ltd
PERJAN
PERSERO
PERUM
P/L
plc
Plc
PLC
PMA
PMDN
PN
PP
PrC
Prp. Ltd.
PT
Pte ltd
PTE LTD
Pty
Pty.
PTY
Pty ltd
PTY LTD
RAS
RFC
R.F.C.
Rt
Sa
SA
S/A
S.A.
SAC
S.A.C.
SA de CV
SAFI
S.A.I.C.A.
SAL
S.A.L.
SApA
Sarl
SARL
S.A.R.L.
SAS
SC
S.C.
SCA
SCP
SCS
S.C.S.
S. de R.L.
Sdn Bhd
S. en C.
SENC
S. en N.C.
SGPS
SK
SNC
Société
Societe
Sons
Sons Co
SOPARFI
sp
Spa
SpA
S.p.A.
SPA
S.P.A.
spols.r.o.
SPRL
Sp.z.o.o.
Srl
SRL
S.R.L.
SV
td
Technologies
TECHNOLOGIES
TLS
VEB
VOF
v.o.s.A.B.
