Arafat
Arhimede
Ştefan cel Mare
Ştefan cel Mare şi Sfânt
Aznar
Băsescu
Bach
Balzac
Baiazid
Barak
Berlusconi
Bill Clinton
Blair
Brahms
Bush
Buturugă
Caragiale
Carter
Ceauşescu
Cehov
Chaucer
Chirac
Clinton
Coposu
Constantinescu
Decartes
Diogene
Eminescu
F.M.
Gaugin
Gauguin
Goldstein
Gorbaciov
Grubaci
Hagi
Hillary Clinton
Hillary Rodham Clinton
Hristos
Iisus Hristos
John the Baptist
Jospin
Kucima
Mântuitorului Hristos
Mântuitorului Iisus
Mântuitorului Iisus Hristos
Marcille
Marx
Messiaen
Milosevici
Miloşevič
Mircea cel Bătrân
Moş Crăciun
Mozart
Nietzsche
Nixon
Neaga
Orwell
Osama Ben Laden
Osama bin Laden
Ossama bin Laden
bin Laden
Osama
Papa
Papa Ioan II
Papei
Pilat
Polichinelle
Pope John Paul II
Putin
Reagan
Richard Nixon
Ronald Reagan
Saint-Saens
Schopenhauer
Schröder
Shakespeare
Sharon
Shaykh Usama Bin Ladin
Shostakovich
Strauss
the Clintons
The Clintons
the Queen
The Queen
Tillotson
Usama Bin Laden
Usama Bin Muhammad Bin Ladin
van Gogh
Van Gogh
Virgin Mary
Vivaldi
Vacaroiu
Winston
