Alba
Albei
Arad
Aradului
Argeş
Argeşul
Argeşului
Bacău
Bacăului
Bihor
Bihorului
Bistriţei-Năsăud
Bistrita-Năsăud
Botoşani
Botoşaniului
Braşov
Braşovului
Brăila
Brăilei
Buzău
Buzăului
Călăraşi
Călăraşiului
Caraşului-Severin
Caras-Severin
Cluj
Clujului
Constanţa
Constanţei
Covasna
Covasnei
Dâmboviţa
Dâmboviţei
Dîmboviţa
Dolj
Doljului
Galaţi
Galaţiului
Girgiului
Giurgiu
Gorj
Gorjului
Harghita
Harghitei
Hunedoara
Hunedoarei
Iaşi
Iaşiului
Ialomiţa
Ialomiţei
Ilfov
Ilfovului
Maramureş
Maramureşului
Mehedinţi
Mehedinţiului
Mureş
Mureşului
Neamţ
Neamţului
Olt
Oltului
Prahova
Prahovei
Sălaj
Sălajului
Satu
Satului Mare
Satu Mare
Sibiu
Sibiului
Suceava
Sucevei
Teleorman
Teleormanului
Timiş
Timişului
Tulcea
Tulcei
Vâlcea
Vâlcei
Vaslui
Vasluiului
Vrancea
VranceiAlba   
Vîlcea