A. Moksel AG
AB Astra
CDU-Stadtverordnetenfraktion
CDU
CDU-Stadtbezirksverbandes Schwanheim
CDU-Stadtrte
ABB-Konzern
ABB-Konzerns
AEG
AEG AG
AP
APA
ASS
Abbey National
Acea
AgrEvo
AgrEvo/Marubeni
Agrana Beteiligungs-AG
AgroVista
Aitec
Aktienbörse
Allerthal-Werke
Allianz
Allianz AG Holding
Allianz Gruppe
Amdahl
Ameritech
Ance
Arbeitsgemeinschaft Schiffbau- und Offshore- Zulieferindustrie
Arbeitsmarktservice
Arbeitsmarktverwaltung
Arbeitsministerium
Arbeitsämtern
Asfinag
BA
BASF
BAWe
BEC
BHF-Bank
BJB
BLKB
BMW
BP Oil
BUB
BUB Bayerische Unternehmensbeteiligungs-AG
Babcock
Bahn
Ballmaier & Schultz
Balpa
Banca d'Italia
Bank America
Bank Julius Bär Deutschland
Bank of Canada
Bank of England
Bank of Scotland
Bankers Trust
Barclays
Basellandschaftliche Kantonalbank
Basf
BayBG
Bayer
Bayerische Beteiligungsgesellschaft mbH
Bayerische Landesamt für Statistik und Datenverarbeitung
Bayerische Vereinsbank
Bayerischen Landesanstalt für Aufbaufinanzierung
Bear Stearns
Bekaert
Benetton
Berliner Elektro Holding AG
Beverungen
Bilfinger + Berger
Biotest AG
Bonner Regierung
Bonner Wirtschaftsministerium
British Airways plc
British Petroleum
Broker Chicago Corp
Building Employers Confederation
Bundesanstalt für Arbeit
Bundesaufsichtsamt für Wertpapierhandel
Bundesbank
Bundeskabinetts
Bundesrat
Bundesrats
Bundesregierung
Bundestag
Bundesverfasssungsgerichts
Burns Philp
Burns Philp & Co Ltd
Börse
Börsenvorstand
CBI
CDU
Canal Plus
Canon
Caterpillar
Ceros Vermögensverwaltung
Chase Manhattan
Chicago Board of Trade
Chiquita Brands
Chrysler
Citibank
Citicorp
Commerzank
Commerzbank
Compaq
Conferenc Board
Conference Board
Conti
Cummins Engine
DAG
DB Research
DBKom
DBKom GmbH
DEUTSCHE BUNDESBANK
DIHT
DOM Film
DSW
DTB
Dachverbandes der Europäischen Automobilhersteller
Daimler-Benz
Daimler-Benz AG
Danone
Degussa
Degussa AG
Degussa-Konzern
Deutsche Angestellten-Gewerkschaft
Deutsche Babcock
Deutsche Beamten Vorsorge
Deutsche Bundesbank
Deutsche Industrie- und Handelstag
Deutsche Lufthansa
Deutsche Telekom
Deutsche Telekom AG
Deutsche Zentralbankrat
Deutschen Babcock AG
Deutschen Bahn AG
Deutschen Bundesbank
Deutschen Industrie- und Handelstages
Deutschen Industrie- und Handelstags
Deutscher Ingenieure
Deutschlandfunk
Digital Equipment
Docks de France
Domat
Draht- und Seilwerke GmbH
Dreieich
Dresdner Bank
E
ENI
EPFR
EU
EU-Kommission
EU-Minsterrat
Eakle
Eakle Associates
Eastman Kodak
Einhell
Electrabel
Empresa Nacional de Electricidad
Ems-Chemie Holding
Endesa
Erste Kulmbacher Actien-
Erste Österreichische
Escom
Escom AG
Euro Quarz
Europäische Kommission
Europäischen Kommission
Europäischen Union
Europäischen Währungsunion
FGG
FOMC
Fed
Fed-Offenmarktausschusses
Federal Reserve
Federal Reserve Bank of Kansas City
Filialunternehmen Hettlage KGaA
Finanzierungsgarantiegesellschaft des Bundes
Finanzministerium
Finanzministeriums
Ford-Werke
Ford-Werke AG
GEA
General Motors
Genossenschaftsbanken
Genossenschaftsverbandes
Gewerkschaft
Gewerkschaft Handel
Gewerkschaft Handel, Banken und Versicherungen
Gewerkschaft Öffentliche Dienste, Transport und Verkehr
GiroCredit
Glaxo Wellcome
Goldschmidt
Goldschmidt AG
Gruschwitz Textilwerke
Grüne
HBV
HDE
Haindl Papier
Handelsblatt
Handelsblatts
Hans Einhell AG
Hauptverband des Deutschen Einzelhandels
Hegener & Glaser
Heilit + Woerner
Henkel
Hettlage-Süd
Hewlett Packard
Hewlett-Packard
Hoechst
Hoechst Schering AgrEvo GmbH
Honda
Honeywell Inc
Hypo-Bank
Hypobank
IBM
IV
IW
Ifo-Institut
Industrial Bank of Japan
Industriellenvereinigung
Inkombank
Institut der deutschen Wirtschaft
Instituts der deutschen Wirtschaft
Intel
Interfax
Interstate/Johnson Lane Corp
Investment Strategy & Research
Istat
Johnson & Johnson
KBG Kapitalbeteiligungsgesellschaft für die mittelständische Wirtschaft Bayerns mbH
KSV
Kajima
Karstadt
Kleinwort Benson
Kommunisten
Kongresses
Kreditschutzverband
Kreutzer, Fischer und Partner
Kulmbach
Kunert
Kunert AG
L'Oreal
Landesamt für Datenverarbeitung und Statistik
Landeszentralbank Hamburg, Mecklenburg-Vorpommern und Schleswig-Holstein
Leffers
Leffers AG
Leica Camera
Leipziger Volkszeitung
Lewag
Liberalen Forum
Liberalen Forums
Lloyds
Lufthansa Technik
Länderkammer
MDR
MagnaMedia Verlag
Management and Coordination Agency
Mannesmann
Mannesmann AG
Marubeni Corp
Merril Lynch
Merrill Lynch
Mertens
Metallgesellschaft
Meyboer
Ministerrat
Mitusi
Mlada fronta Dnes
Moksel
Montgomerey Scott
Motorola
Muttergesellschaft Westfälische Drahtindustrie GmbH
Müller-Weingarten
Münchener Rück
NDR
NDR Werbefernsehen und Werbefunk GmbH
National Association of Realtors
Nestle
Nikon
Nordbanken
Notenbank
OECD
Oberbank
Oerlikon-Bührle
Offenmarktausschuß der US-Notenbank
Oppenheimer & Co
Organisation für wirtschaftliche Zusammenarbeit und Entwicklung 
Parlament
Paul Hartmann
Peacock
Peacock AG
Peacocks
Perrier
Petrofina
Philip Morris
Pilotenvereinigung
Pro 7
Profarma
Prudential Securities
Präsidentenkonferenz der Landwirtschafts- kammern Österreichs
PSV Blau-Gelb Wiesbaden
BSC Schwarz-Wei
American Lung Association
TV Gonzenheim
Frankfurter Turnerjugend
Eichendorffschule
TSG Pfaffenwiesbach
Skoda Konzern Plzen
Publicitas
Publicitas Holding SA
R&V Versicherungen
RC
RST
RTL
RWE
RZB
Raiffeisen Zentralbank
Rat der EU-Außen- minister
Reebok Intern
Regierung
Reservision Software Technologies AG
Reuter
Rheinhold & Mahla
Rheinhold & Mahla AG
Rhön-Klinikum
Rifondazione Comunista
Roche
Rowntree
Röder Zeltsysteme
S&P
SAT 1
SBC Warburg
SE-Banken
SG Holding
SNB
SNI
SPD
Salomon Brothers
Sandoz
Schering
Schnellstraßenfinanzierungs AG
Schweizer Electronic
Schweizerische Volksbank
Schweizerischen Nationalbank
Seagram
Siemens
Siemens AG
Siemens Nixdorf
Siemens Nixdorf Informationssysteme AG
Sisas
Sisas Pantochim
Skandia
SmithKline Beecham
Sol Melia
Sommer Allibert Industrie
Sony
South African Reserve Bank
SPD-Ortsvereins
SPD-Kreistagsfraktion
FC 1893 Handballer
TV Mnster
SPD-Zeitschrift
SPD-Fraktion
Spiegel
Spiegels
Sprint Corp
Staatsschuldenausschusses
Standard & Poor's
Statistik-Ministerium
Statistikamt
Statistikbehörde
Statistische Landesamt Baden-Württemberg
Statistischen Bundesamtes
Statitische Bundesamt
Studio Hamburg
Studio Hamburg Atelier GmbH
Südfleisch
Südzucker
TU
TWAs
Telecom Italia
Telecom Italia SpA
Telekom
Texas Instruments
Thyssen
Thyssen AG
Thüga
Tokioter Zentralbank
Toyota
UBS Global Research
UCB
US-Arbeitsministerium
US-Finanzministerium
US-Handelsministerium
US-Landwirtschaftsministerium
US-Notenbank
USDA
Unilever
Universität Michigan
V&B
VDI
VDMA
VLV
VW
Viag
Victoria Holding AG
Villeroy & Boch AG
Volks- und Raiffeisenbanken
Volvo
Vorarlberger Landes-Versicherung
WDI
WDR
WWU
Wall Street
Walter-Bau
Weberbank
Weberbank Berlin Industriebank KGaA
Weltwirtschaftsforums
WertpapierhausProvest
Westfalen AG
Wiener Städtische Burgenland
Wirtschafts-PK BGS Ingenieur- sozietät
Wirtschaftskammer
Wirtschaftsministerium
Wissenschaftsministerium
World Economic Forum
Währungsunion
Württ. Hypo
Württembergische Lebens- versicherung
Württembergischen Hypothekenbank AG
ZBR
ZKB
ZVEI-Sicherheitssysteme
Zeneca
Zentralamt für Statistik
Zentralbank
Zentralbankrat
Zentralbankrates
Zentrales deutsches Arbeitsamt
Zwo Computervertriebs AG
Zürcher Kantonalbank
adidas
brauerei AG
britischen Pilotenvereinigung
britischen Schatzamts
der deutschen Tele Quarz Ges.M.B.H. 
dritten
edding
hbv
ifo
ifo Institut für Wirtschaftsforschung
ifo Instituts
ifo-Institut für Wirtschaftsforschung
ifo-Instituts für Wirtschaftsforschung
japanische Zentralbank
kommunistische Partei
russischen Zentralbank
staatliche Statistikamt
vwd
ÖTV