阿拉斯加
阿姆斯特丹
埃格尔
爱丁堡
安卡拉
安塔利亚
安特卫普
奥斯陆
巴黎
巴塞罗那
巴西利亚
巴斯
卑尔根
北海道
比勒陀利亚
波恩
波士顿
柏林
伯尔尼
布达佩斯
布加勒斯特
布拉格
布鲁塞尔
布鲁日
布尔诺
大阪
德雷斯顿
迪拜
蒂华纳
第戎
东京
多伦多
法兰克福
梵蒂冈
佛罗伦萨
佛罗里达州
佛州
福冈
富森
海德堡
海牙
汉城
汉诺威
赫尔辛基
华沙
华盛顿
滑铁庐
惠灵顿
戛纳
高雄
哥本哈根
哥德堡 
格但斯克
格拉茨
格陵兰
广岛
华沙
华盛顿
吉隆坡
剑桥
旧金山
卡拉奇
卡斯卡伊斯
开罗
科隆
克拉根福
克拉科夫
莱比锡
里昂
利物浦
林匹亚
卢塞恩
卢森堡
鹿特丹
伦敦
罗马
罗腾堡
洛桑
洛杉矶
麻省
马德里
马尔默
曼彻斯特
曼城
曼谷
米兰
莫斯科
墨尔本
慕尼黑
那不勒斯
纽约
潘普洛纳
帕特雷
佩奇
皮尔森
平壤
日内瓦
萨洛尼卡
萨尔斯堡
山丹丹
堪培拉
圣保罗
圣彼得堡
圣地亚哥
圣菲波哥达
斯德哥尔摩
斯塔万格
斯特拉斯堡
斯图加特
苏黎世
台北
台中
特里尔
特隆姆瑟
图尔库
托莱多
瓦伦西亚
威尼斯
魏玛
维也纳
温哥华
渥太华
乌尔姆
乌特勒支
悉尼
夏威夷
新加坡
新宿
新特拉
新竹
雅典
亚特兰大
伊拉克里翁
伊斯坦布尔
伊兹密尔
因斯布鲁克
芝加哥
神户
硅谷
仰光