澳门 晚报
北方 市场 导报
北京 晨报
北京 青年报
北京 日报
北京 晚报
北京 周报
CBS 台北 国际之声
《cbs 台北 国际 之声》
成都 晚报
重庆 晚报
大众 日报
《东亚 日报》
东亚 日报
俄罗斯 电视台
俄通社－塔斯社
法制 日报
凤凰 卫视
福建 日报
光明 日报
广州 日报
国际 传真社
国际 商报
河南 通信报
河南 商报
河南 日报
湖南 日报
华东 新闻
《华盛顿 邮报》
华盛顿 邮报
《华尔街 日报》
华尔街 日报
解放 日报
健康 周报
科技 日报
了望 周刊
辽宁 日报
美国 广播 公司
美国 有线 电视 新闻网
美国 有线 新闻 广播 公司
美国 哥伦比亚 广播 公司
南方 日报
《纽约 时报》
纽约 时报
农工商 时报
齐鲁 晚报
人民 日报
深圳 特区报
深圳 晚报
世界 知识 出版社
书报 文摘
《台北 国际 之声》
台北 国际 之声
天津 老年 时报
天津 日报
天津 商报
文尼传 通讯社
厦门 晚报
新民 晚报
新闻 出版署
羊城 晚报
扬子 晚报
英国 广播 公司
粤 港 信息 日报
中国 青年报
中国 日报
中国 消费者报
中央 电视台
中央 电台
BBC
澳门晚报
北方市场导报
北京晨报
北京青年报
北京日报
北京晚报
北京周报
CBS台北国际之声
《cbs台北国际之声》
CCTV
成都晚报
CNN
重庆晚报
大众日报
《东亚日报》
东亚日报
俄罗斯电视台
俄通社－塔斯社
法制日报
凤凰卫视
福建日报
光明日报
广州日报
国际传真社
国际商报
河南通信报
河南商报
河南日报
湖南日报
华东新闻
《华盛顿邮报》
华盛顿邮报
《华尔街日报》
华尔街日报
家庭报
解放日报
健康周报
科技日报
了望周刊
辽宁日报
美国广播公司
美国有线电视新闻网
美国有线新闻广播公司
美国哥伦比亚广播公司
美国之音
南方日报
《纽约时报》
纽约时报
农工商时报
齐鲁晚报
人民日报
深圳特区报
深圳晚报
世界知识出版社
书报文摘
《台北国际之声》
台北国际之声
天津老年时报
天津日报
天津商报
文尼传通讯社
厦门晚报
消息报
新华社
新民晚报
新闻出版署
羊城晚报
扬子晚报
英国广播公司
粤港信息日报
中国青年报
中国日报
中国消费者报
中新社
中央电视台
中央电台
中央台