国家 开发 银行
出入境 管理处
出入境 检验 检疫局
化学 工业部
对外贸易 经济 合作部
对外贸易 经济 合作部 亚洲司
纺织 工业局
工商 行政 管理局
广播 电影 电视 总局
广西 壮族 自治区 政府
国防 科工委
国防 科学 技术 工业 委员会
国家 安全部
国家 版权局
国家 测绘局
国家 出入境 检验 检疫局
国家 发展 计划 委员会
国家 纺织 工业局
国家 工商 行政 管理局
国家 广播 电影 电视 总局
国家 国内 贸易局
国家 海事局
国家 海洋局
国家 环境 保护 总局
国家 机械 工业局
国家 建筑 材料 工业局
国家 经济 贸易 委员会
国家 计划 生育 委员会
国家 计委
国家 粮食局
国家 林业局
国家 旅游局
国家 煤炭 工业局
国家 民族 事务 委员会
国家 轻工业局
国家 石油 和 化学 工业局
国家 税务 总局
国家 体育 总局
国家 统计局
国家 外汇 管理局
国家 外国专家局
国家 文物局
国家 新闻出版署
国家 行政院
国家 药品 监督 管理局
国家 烟草 专业局
国家 冶金 工业局
国家 邮政局
国家 知识 产权局
国家 质量 技术 监督局
国家 中医药 管理局
国家 宗教事务局
国土 资源部
国务院 参事局
国务院 发展 研究 中心
国务院 机关 事务 管理局
国务院 特区办
国务院 特区办公室
国务院 新闻办公室
海关 总署
劳动 和 社会 保障部
人民 银行
上海 海关
上海 海关 崇明 办事处
上海 海关 驻 崇明 办事处
西藏 自治区 分行
新华 通讯社
新闻 办公室
信息 产业部
中国 地震局
中国 工程院
中国 海关
海关 总署
中国 海关 总署
中国 科学院
中国 民用 航空 总局
中国 气象局
中国 人民 银行
中国 新华 通讯社
中国 新华 通讯社 对外部
中国 银行
中国 证券 监督 管理 委员会
进出口 银行
国家开发银行
安全部
版权局
财政部
产业部
测绘局
出入境管理处
出入境检验检疫局
大使馆
地震局
化学工业部
对外贸易经济合作部
对外贸易经济合作部亚洲司
纺织工业局
公安部
工程院
工商行政管理局
广播电影电视总局
广西壮族自治区政府
国防部
国防科工委
国防科学技术工业委员会
国家安全部
国家版权局
国家测绘局
国家出入境检验检疫局
国家发展计划委员会
国家纺织工业局
国家工商行政管理局
国家广播电影电视总局
国家国内贸易局
国家海事局
国家海洋局
国家环境保护总局
国家机械工业局
国家建筑材料工业局
国家经济贸易委员会
国家计划生育委员会
国家计委
国家粮食局
国家林业局
国家旅游局
国家煤炭工业局
国家民族事务委员会
国家轻工业局
国家石油和化学工业局
国家税务总局
国家体育总局
国家统计局
国家外汇管理局
国家外国专家局
国家文物局
国家新闻出版署
国家行政院
国家药品监督管理局
国家烟草专业局
国家冶金工业局
国家邮政局
国家知识产权局
国家质量技术监督局
国家中医药管理局
国家宗教事务局
国土资源部
国务院
国务院参事局
国务院发展研究中心
国务院机关事务管理局
国务院特区办
国务院特区办公室
国务院新闻办公室
海关总署
经济部
监察部
建设部
交通部
教育部
科技部
科学技术部
劳保部
劳动和社会保障部
贸易局
民航总局
民政部
农业部
气象局
人行
人民银行
人事部
上海海关
上海海关崇明办事处
上海海关驻崇明办事处
审计署
司法部
使馆
水利部
特区办
铁道部
统计局
统战部
外交部
外经贸部
卫生部
文化部
物价局
西藏自治区分行
新华社
新华通讯社
新闻办
新闻办公室
信息产业部
中国地震局
中国工程院
中国海关
海关总署
中国海关总署
中国科学院
中国民用航空总局
中国气象局
中国人民银行
中国新华通讯社
中国新华通讯社对外部
中国银行
中国证券监督管理委员会
中行
中科院
中新社
进出口银行