办公室 主任
博士生 导师
部门 经理
党委 书记
党支部 书记
党支部 副书记
党支部 副 书记
副 部长
副 厂长
副 馆长
副 行长
副 经理
副 局长
副 省长
副 书记
副 厅长
副 系主任
副 政委
副 总裁
副 总统
副 主编
副 主任委员
副 主任 委员
副 组长
高级 工程师
工程院 院士
馆长 助理
两院 院士
人大 代表
省委 书记
市委 书记
外交 部长
系 主任
学术 委员
业务 主管
政协 委员
支部 书记
中共 支部 书记
中科院 院士
总 工程师
总 设计师
总 书记
主任 委员
主任 医师
主治 医师
助理 工程师
办公室主任
编辑
博导
博士
博士生导师
部门经理
部长
厂长
出纳
出纳员
处长
党委书记
党支部书记
党支部副书记
党支书
董事长
副部长
副厂长
副馆长
副行长
副经理
副局长
副省长
副书记
副厅长
副系主任
副政委
副总裁
副总统
副主编
副主任委员
副组长
干事
高工
高级工程师
工程师
工程院院士
顾问
管理员
馆长
馆长助理
行长
会长
记者
讲师
教授
经理
科长
会计
会计师
会员
理事
两院院士
律师
秘书
秘书长
评论员
评议员
人大代表
省长
省委书记
司长
市委书记
市长
首相
书记
所长
硕士
通讯员
厅长
外交部长
外长
委员
委员长
文书
系主任
校长
学术委员
业务主管
医师
研究员
院士
院长
站长
政委
政协委员
支部书记
支书
中共支部书记
中科院院士
总编
总裁
总干事
总工
总工程师
总理
总设计师
总书记
总统
州长
组长
主管
主编
主任
主任委员
主任医师
主席
主治医师
助工
助教
助理
助理工程师
专家
教宗
神父
牧师
修女