ولاية
مدينة
المدينة
الولايات
بلدة
الدول
المنتج
منتج
البلد
العاصمة
البلاد
الاقاليم
بلدان
دولت
عاصمت
لجمهورية
وطن
المملكة
دول
لدول
لبلاد
البلدين
اعضاء
دولة
عضوا
البلدان
مدنا
الاتحاد
بلاد
محافظة
الحليف
دولا
لمدينة
بلدي
المدن
الديار
مدينت
بلد
جمهورية
اقليم
المقاطعة
مقاطعة
مقاطعت
مراقب
محافظات
بلاده
لبلدين
قرية
الولاية
الدولتين
قريتي
جمهوريات
ارخبيل
الكيان
مدينتي
الجارة
اجهزة
قرى
بروفانس
كانتون
الكانتون
العدو
جيران
لحلفاء
الحلفاء
المنتجع
المزود
المصدرون
القرى
لعاصمة
بلدا
لكيان
جزيرة
بلدات
وحليفة
مستهلك
ولايات
الولايتان
مدن
الجانبين
الاعضاء
السموع
بلدت
دولتين
مدعو
الشركاء
المنفى
ولايت
البلدة
