النبيذ
البيرة
الكحول
النفط
المشروبات
المزيج
المواد
حلويات
الحبوب
الالبان
مياه
نفط
الغذاء
لنفط
المياه
البيض
التفاح
المخدرات
الهيرويين
الحمض الريبي النووي
الدم
الثمار
الناندرولون
البول
ادوية
الفضة
الهيليوم
الاوكسجين
لماء
المعدنية
البارود
تي ان تي
النشادر
الماء
النيكوتين
الكافيين
المشروبات الغازية
الصودا
الكولا
مخدرا
المخدر
المياه الغازية
حديد
الاوكسيجين
الغاز الطبيعي
الادوية
كوكايين
البنزين
المعدن
الدماء
الفيروس
الخمور
دماء
الغاز
المطاط
الغاز المسيل للدموع
الوقود
نفطا
خشب الصندل
العاج
لمياه
مياه التبريد
دم
الحديد
ماء
المحروقات
البزين
الغذائية
الفيول
المطاطي
النفطية
