00631
تسعة الاف
48 الف
4
نصف
صفر
7
6
3
2
ثلاثة
الثلاثة
احد
اثنين
الثمانية
السبع
5
عشرين
ستة
خمسة
ثلاث
04
02
01
061
سبعة
41
0061
408
08
21
005
052
88
0013
491
عشرات
العشرات
03،41
اربعة
اربع
053 الف
5،1 مليون
31
72
004
الستة
0081
003
0071
0057
عشرة
الثلاثيين
81
1
9
82
71
52
11
32
8
62
87
26
051
85
الثلاثين
91
75
34
77
63
13
25
28
64
35
03
18
ثلثي
ربع
002
61
056 الفا
ثمانية ملايين
42
44
021 الف
الاربعمائة
332
391
532
واحد
04 الف
تسعة
ست
0021
الف
9،2 مليون
ثمانية الاف
237438
واحدة
9،4 ملايين
المائة
67
المئة وستة عشر
151
001
06
الثلاث
73 الف
92
60ر11
43
012 ملايين
001 الف
عشر
الفي
مئات
2801
51
الاربعة
111
17
العشر
611
021
081
89
381
العشرة
مليوني
06 مليونا
009
203
ستة الاف
التسع
311
خمسون
112
6،2 مليون
104
022 الف
74 الف
201 الف
82 الف
101
004 الف
الاف
26 مليون
53 مليونا
200+
خمس
671
22
12
041
مئتي الف
003 الف
ثلاثة الاف
73
029
33
53
اثني عشر
الثماني
مئة
خمسين
ثمانية
اثنان
55 الفا
83
38
07
68
54
09
و07
ستة ملايين
مليون
0
96
55
58
47
3 الاف
24
02 الف
78
ستين الف
0051
15
8ر784
29
70
تسعة ملايين
مليون و005 الف
882
3،7 مليون
011
765
اربعة عشر
51 الف
01 الاف
اربعين
احد عشر
601
ثلاثة آلاف
الستة والعشرين مليونا
2541
الخمسة
701
مائة
3 و 5 ملايين
011 الاف
عشرات الالاف
06 الفا
92 الفا
6023
401
56
16
27
الثانية عشرة
الست
خمسة الاف
05
سبع
37
22 الف
45
97
19
57 الف
احدى
36
93
95
المائة واربعة
7 الاف
خمسة عشر
48
ثمانية عشر
57
ثلاثين الف
ثماني
اربعة الاف
322
84
403
454
521
53 الف
واحد وعشرين
الربع
69
86
911
301
99
79
422
عشرين مليون
المليار
سبعة ملايين
81 مليون
مئتي
الاثني عشر
الخمسة عشر
072
244
883
622
6،1 مليون
تسع عشرة
94
822
المئات
الالاف
921
السبعين الفا
سبعة الاف
اربعين الف
0054
0055
922
عشرة الاف
861
092
032
12،511 مليونا
03 مليون
الخمس
23
74
132
53 الفا
و81
949
613
55 الف
ب02
ال52
201
46671
81 الف
121
988
66
085 الفا
002 الف
5964
006 الف
اثنتان
026 الفا
