شارع
شوارع
المراكز
الحقول
مزارع
مزرعة
نفق
باحة
مبنى
المنازل
منزل
القاعة
شاليهات
مرفأ
مركزا
مكتب
مخيمات
معسكرات
المخيم
مخيم
المحطة
محطة
حديقة
المقر
صالة
كاتدرائيات
جسرا
سكك الحديد
مبان
منازل
المبنى
قاعدة
قواعد
الشارع
الطريق
المطار
انبوب
الانبوب
مقار
المصانع
مصانع
المفاعل
منشآت
القواعد الجوية
السواتر
السجن
مرصد
الملعب
الباحة
محطات
الملاعب
معسكر
المنزل
غرف
المدرجات
السكة الحديد
الشوارع
المباني
حدائق
مقر
المقصورة
ملعب
المنشآت
الخنادق
الآبار
المقر العام
قاعات
مطار
محلات
سجون
كوخا
القاعدة
المركز
حرم
السكك الحديد
مقابر
المقار
دار
ساحات
الميناء
المرفا
المرفأ
مركز
مزرعت
الطرقات
مكاتب
مصنعين
منزلين
بئرا
موقعا
لمحطة
ديار
مراكز
البيوت
ديارهم
طرقات
حقول
خط
المسرح
الطريق السريع
الجسر
جسر
مسكن
البناية
بناية
القواعد
مستودع
