سائر
تايمز سكوير
تقاطع نيسارين
أرض
أراضي
أرضها
أرض مصر
حدود
أريحا
رام الله
آبيل
خان يونس
بيت لحم
الأرض 
الأرض
الأراضي
البحر الاحمر
الأراضي العربية المحتلة
الشرق
الحرم
الحدود
الحدود اللبنانية
الشرق الاوسط
الشرق الأوسط 
الشرق الأوسط
الطريق
شمال
الشواطئ
الشمال
الأماكن
أماكن
الجنوب 
الجنوب
الخليج
الخليل
بقية
جنوب
المدخل الشمالي لمدينتي رام الله و البيرة
جنوبي
بمنطقة
المقدسات
المقدسات الدينية
المنطقة
مزارع شبعا
قرب
لأرض
قطاع
مداخل
وادي برسف
وادي بريسيبو
محمي إيداع
ممر
هودا
للحرم
مكان
منطقة
مواقع
منطقتنا
ميناء
قلقيلية
