有关
正式
成套
书面
最高
实地
新
高
中
重大
大
活
先进
减毒
突出
著名
总
重要
大型
国家级
主
外向型
超亿元
老
年
极大
初步
主要
合资
跨运河
独资
民用
对外
程控
驻华
双边
小
零散
下列
单一
特殊
综合
综合性
上述
快速
转口
软
相应
充分
硬
跨国
自由
首次
联合
以下
具体
一定
国际性
外来
现代
直接
保税
试行
免证
一站式
一次性
丰硕
免税
高速
众多
高压
特种
多功能
唯一
宽
新兴
最佳
私营
有限
易货
原来
三资
不完全
星级
良好
雄厚
不合理
个别
初级
一般
常驻
精密
种种
稳步
不利
精
边贸
诊断用
医用
大中型
逐步
全国性
地区性
健康
来料
实际
从业
进料
发展中
援外
很大
边远
年均
组合
彩色
有利
不间断
低
有色
广阔
载货
普通
后继
大规模
全面
天然
较大
剪彩
全新
静态
大力
后续
知名
最大
怯懦
巨型
国产
迫切
关键
发达
民营
进一步
?
软硬
友好
完全
结对
驻外
名
特许
前期
师范
工发
多边
较好
世界性
相关
相当
优良
驻京
常务
与会
非歧视性
高新
非正式
新型
持续
现实
适当
共同
崇高
旧
非排他性
不平等
强劲
严重
人均
经社
微型
暂行
有效
好
合成
深入
降糖
积极
务实
敌对
所谓
明智
特别
长期
坚强
最新
最快
外
贸易性
家用
自营
非
入区
潮籍
游园
公共
地被
开花
原有
中等
后
单
明显
小小
集成
精深
国有
新建
绕城
有偿
先前
临时
特需
有价
不锈
电解
优质
贵
闪速
特制
庞大
朱砂
前
最好
富余
强强
宏观
联产
远洋
跨世纪
独立
独特
高效
跨海
船务
立体
稳定
陆续
严峻
减利
固定
特大
重
参会
深
横向
