百分之三十八点六
百分之三十六点七
百分之四十三点二
百分之三十七
九成
百分之三十九
百分之七十
百分之二十
百分之七十四
百分之四十四点八
百分之四十四
百分之五十一点二
百分之十三点九
百分之三十二点五
百分之三十四点一
百分之四十七点七
百分之一点三
百分之三点四
百分之二十三点六
百分之四十六点四
百分之四十五点九
四成
三成
七成
百分之十五点七
两成半
百分之六
十二 百分点
百分之四点七
百分之百
百分之八十
十一点一 百分点
百分之五十
百分之八十五点六
百分之九十
百分之三十六点九
百分之十
百分之十六
百分之六十
百分之七十八
百分之三十六
百分之九点三
百分之十五点八
百分之三
百分之二点四
百分之十点五
百分之七点四
百分之五点七
百分之三点二
百分之九点七
百分之三点二五
百分之五
百分之十点八
百分之零点五
百分之一点二五
百分之六点五
百分之四点四
百分之三点七
百分之二
百分之七
百分之三点五
百分之五点三
百分之一点五
百分之二点五
百分之五点二
百分之零点八
百分之九点四
百分之六点二五
百分之四
百分之二点六
百分之一点七
百分之五十四点九
百分之四点一二
百分之十四点五三
百分之二十七
百分之二十七点零一
百分之十五点三四
百分之三十
百分之二十七点一四
百分之六十一点九八
陈可冀
百分之十七点九
四点一 百分点
百分之三十一点五
百分之九十三点一
百分之十四
百分之七十三
百分之三十二
百分之三十六点四
百分之三十六点三
百分之三十一
百分之十七 
百分之三十七点四
百分之四十五
百分之七点七
百分之四点一
百分之六点八
一点三 百分点
百分之六点一
百分之三点八
百分之五点九
百分之三点九
百分之四点九
一点七 百分点
分之六点二
百分之三点六
百分之八点六
零点九
百分之九点六
百分之一点一
百分之八十九点八九
百分之二十六点五
百分之八十八
百分之八十四点三
百分之六点七
百分之十三点六
百分之六点三
百分之十七点五
百分之十三点五
百分之十一点九
百分之十五点六
一点九 百分点
百分之十六点零
百分之三十点二
百分之十点二九
百分之二十一
百分之八
百分之十点七
百分之十二
百分之九十七
