cdg.lst:cdg
city.lst:location:city
cityext.lst:location:cityext
company.lst:organization:company
country.lst:location:country
country_adj.lst:country_adj
currency_sufix.lst:currency_unit:pre_post_amount
currency_unit.lst:currency_unit:post_amount
date_pre.lst:date:date_pre
day.lst:date:day
department.lst:organization:department
festival.lst:date:festival
govern_key.lst:govern_key
government.lst:organization:government
hours.lst:time:hour
ident_prekey.lst:ident_key:pre
loc_key.lst:loc_key:pre
loc_postkey.lst:loc_key:post
ministry.lst:organization:government
month.lst:date:month
monthRoman.lst:date:monthRoman
mountain.lst:location:region
numbers.lst:number
ordinal.lst:date:ordinal
org_base.lst:org_base
org_ending.lst:org_ending
org_key.lst:org_key
org_post.lst:org_post
organization.lst:organization
person.lst:person_first:person
person_female.lst:person_first:female
person_full.lst:person_full:normal
person_male.lst:person_first:male
person_nick.lst:person_full:person_nick
personcap.lst:person_first:person
province.lst:location:province
province_ext.lst:location:province_ext
region.lst:location:region
region_Ro.lst:location:region
river.lst:location:river
spur_ident.lst:spur_ident
street.lst:address:street
time_ampm.lst:time:ampm
time_key.lst:time:time_key
timezone.lst:time:zone
title.lst:title:civilian
village.lst:location:village
water.lst:location:region
year.lst:year
