Bazin
Bazinul
Bulevard
Bulevardul
Câmpia
Câmpie
Canal
Canalul
Canaluri
Canalurile
Castel
Castelul
Cetate
Com.
Comuna
Comunei
Deşert
Deşertul
Deşerturi
Deşerturile
Deal
Dealul
Dealuri
Dealurile
Delta
Deltă
Depresiune
Depresiunea
District
Districtul
Districturi
Districturile
Fiord
Fiordul
Fiorduri
Fiordurile
Frontul
Golf
Golful
Golfuri
Golfurile
Insula
Insulă
Lac
Lacul
lacului
Lacuri
Lacurile
Muntele
Muntelui
Marea
Masiv
Masivul
Masivului
Municipiu
Municipiul
Municipiului
Ocean
Oceanul
Palat
Palatul
Parc
Parcul
Parcului
Piaţa
Pieţei
Piaţă
Pieţei
Piaţa
Plaja
Plajă
Port
Portul
Porturi
Porturile
Provincia
Provincie
Râul
Regiune
Regiunea
Republica
Staţiunea
Staţiunile
Stadion
Stadionul
Strada
Stradă
Străzi
Străzile
Vale
Valea
