Ministerul Administraţiei Publice
Ministerul Afacerilor Externe
Ministerul Agriculturii, Alimentaţiei si Padurilor
Ministerul Apelor şi Protecţiei Mediului
Ministerul Apărării Naţionale
Ministerul Comunicaţiilor şi Tehnologiei Informaţiei
Ministerul Coordonator al Secretariatului General al Guvernului
Ministerul Culturii şi Cultelor
Ministerul Dezvoltării si Prognozei
Ministerul Educaţiei şi Cercetării
Ministerul Educaţiei şi Învăţămîntului
Ministerul Finanţelor Publice
Ministerul Industriei şi Resurselor
Ministerul Informaţiilor Publice
Ministerul Integrării Europene
Ministerul Justiţiei
Ministerul Lucrărilor Publice, Transporturilor şi Locuinţei
Ministerul Muncii şi Solidarităţii Sociale
Ministerul Sănătaţii şi Familiei
Ministerul Tineretului şi Sportului
Ministerul Turismului
Ministerul de Interne
Ministerul pentru Intreprinderile Mici şi Mijlocii şi Cooperaţie
Ministerul pentru Privatizare
Ministerul pentru Relaţia cu Parlamentul
