Cinci
Cincisprezece
Cincizeci
Doi
Doisprezece
Două
Douăzeci
Mie
Miliard
Milion
Nouă
Nouăsprezece
Nouăzeci
Opt
Optsprezece
Optzeci
Paisprezece
Patru
Patruzeci
Trei
Treisprezece
Treizeci
Unsprezece
Unu
Zece
cinci
cincisprezece
cincizeci
doi
doisprezece
două
douăzeci
jumătate
mie
miliard
milion
nouă
nouăsprezece
nouăzeci
o
opt
optsprezece
optzeci
paisprezece
paisprezece-treizeci
patru
patruzeci
sfert
trei
treisprezece
treizeci
un
unsprezece
unu
zece
Şaisprezece
Şaizeci
Şaptezeci
Şaptsprezece
Şase
şaisprezece
şaizeci
şapte
şaptezeci
şaptsprezece
şase
