
B.S.T.
BST
British Summer Time
C.D.T.
C.E.T.
C.S.T.
CDT
CET
CST
Central Daily Time
Central Day Time
Central European Time
Central Standard Time
Central Time
E.C.T.
E.D.T.
E.S.T.
E.T.
ECT
EDT
EST
ET
East Coast Time
East Daily Time
East Day Time
Eastern Coast Time
Eastern Daily Time
Eastern Day Time
Eastern Standard Time
Eastern Time
Eastern time
G.M.T.
GMT
Greenwich Mean Time
Greenwich MeanTime
Greenwich Meantime
Greenwich Time
M.E.T.
MET
Middle Eastern Time
Northern Time
Northern time
P.D.T.
PDT
Pacific Daily Time
Pacific Day Time
Pacific Time
Pacific time
Southern Time
Southern time
W.C.T.
W.D.T.
W.S.T.
WCT
WDT
WST
West Coast Time
West Daily Time
West Day Time
Western Coast Time
Western Daily Time
Western Day Time
Western Standard Time
Western Time
Western time
Z.S.T.
ZST
Zone Standard Time
Zulu Standard Time
