轻工 总会
兵工 学会
材料 研究 学会
地球 物理 学会
电工 技术 学会
电机 工程 学会
电气 工程师 学会
房地产 估价师 学会
风湿病 学会
高等 教育 学会
公路 学会
光学 学会
国际 电力 与 电子 工程师 学会
国际 汽车 工程 学会
海洋 湖沼 学会
海洋 学会
核 学会
环境 科学 学会
化工 学会
机械 工程 学会
计算机 学会
解剖 协会
科学 技术 协会
昆虫 学会
力学 学会
摄影 学会
生物 工程 学会
生物 物理 学会
生物 学会
生物 医学 工程
食品 科技 学会
水利 学会
太平洋 学会
糖尿病 学会
铁道 学会
通信 学会
微生物 学会
微型 电脑 应用 学会
行政 管理 学会
性 学会
信息 经济 学会
遥感 学会
药理 学会
针灸 学会
振动 工程 学会
振动 学会
振动 与 噪声 控制 学会
植物 学会
自动化 学会
自然 资源 学会
中华 放射 医学会
中华 医学会
中医 药学会
中医药 工程 学会
铸造 学会
轻工总会
兵工学会
材料研究学会
地球物理学会
电工技术学会
电机工程学会
电气工程师学会
房地产估价师学会
风湿病学会
高等教育学会
公路学会
光学学会
国际电力与电子工程师学会
国际汽车工程学会
海洋湖沼学会
海洋学会
核学会
环境科学学会
化工学会
机械工程学会
计算机学会
解剖协会
科学技术协会
昆虫学会
力学学会
摄影学会
生物工程学会
生物物理学会
生物学会
生物医学工程
食品科技学会
水利学会
太平洋学会
糖尿病学会
铁道学会
通信学会
微生物学会
微型电脑应用学会
行政管理学会
性学会
信息经济学会
遥感学会
药理学会
针灸学会
振动工程学会
振动学会
振动与噪声控制学会
植物学会
自动化学会
自然资源学会
中华放射医学会
中华医学会
中医药学会
中医药工程学会
铸造学会