津巴布韦
阿富汗
阿拉伯
阿鲁巴岛
阿尔及利亚
阿塞拜疆
阿森松
阿根廷
奥地利
澳大利亚
安道尔
安圭拉岛
安哥拉
安提瓜和巴
巴巴多斯
巴哈马国
巴林
巴西
白俄罗斯
百慕大群岛
保加利亚
贝宁
比利时
玻利维亚
伯利兹
博茨瓦纳
不丹
布基纳法索
布隆迪
梵蒂冈
美国
南斯拉夫
瑞典
瑞士
沙地阿拉伯
沙特阿拉伯
塞拉利昂
塞内加尔
塞舌尔
圣多美和普
圣克里斯托
圣卢西亚
圣马力诺
圣文森特岛
斯里兰卡
斯洛伐克
斯洛文尼亚
斯威士兰
苏丹
苏里南
所罗门群岛
索马里
塔吉克斯坦
台湾
泰国
汤加
坦桑尼亚
特克斯和凯
特立尼达和
图瓦卢
土库曼斯坦
土耳其
突尼斯
瓦努阿图
威克岛(美)
维尔京群岛
委内瑞拉
乌干达
乌克兰
乌拉圭
乌兹别克斯
也门
英国
越南
扎伊尔
赞比亚
多哥
阿拉伯联合
叙利亚
西班牙
韩国
南非
新加坡
西萨摩亚
东萨摩亚
卢旺达
俄罗斯
罗马尼亚
留尼旺岛
卡塔尔
波多黎各
葡萄牙
波兰
菲律宾
秘鲁
巴拉圭
巴布亚新几
巴拿马
巴基斯坦
阿曼
挪威
诺福克岛
纽埃岛
尼日利亚
尼日尔
尼加拉瓜
新西兰
新喀里多尼
荷属安得列
荷兰
尼泊尔
瑙鲁
纳米比亚
蒙古
莫桑比克
摩洛哥
蒙特塞拉特
摩纳哥
摩尔多瓦
中途岛
墨西哥
毛里塔尼亚
毛里求斯
马提尼克
马里亚纳群
马耳他
马里
马尔代夫
马来西亚
澳门
马拉维
马达加斯加
卢森堡
立陶宛
列支敦士登
利比亚
利比里亚
莱索托
黎巴嫩
拉脱维亚
老挝
科威特
朝鲜
基里巴斯
吉尔吉斯斯
肯尼亚
哈萨克斯坦
约旦
日本
牙买加
科特迪瓦
意大利
以色列
伊拉克
伊朗
印度尼西亚
印度
香港
爱尔兰
冰岛
匈牙利
洪都拉斯
海地
圭亚那
几内亚
危地马拉
关岛
格林纳达
希□
直布罗陀
加纳
德国
格鲁吉亚
冈比亚
加蓬
法属波里尼
法属圭亚那
法国
芬兰
斐济
福克兰群岛
埃塞俄比亚
爱沙尼亚
赤道几内亚
萨尔瓦多
埃及
厄瓜多尔
多米尼加
吉布提
格陵兰岛
法罗群岛
丹麦
捷克
塞浦路斯
古巴
克罗地亚
哥斯达黎加
科克群岛
刚果
科摩罗
多米尼加联
哥伦比亚
中国
中华人民共和国
智利
乍得
中非
开曼群岛
佛得角
加那利群岛
加拿大
喀麦隆
缅甸
文莱
孟加拉国
亚美尼亚
苏格兰
英格兰
威尔士
爱尔兰
大韩
中华