1970年
1971年
1972年
1973年
1974年
1975年
1976年
1977年
1978年
1979年
1980年
1981年
1982年
1983年
1984年
1985年
1986年
1987年
1988年
1989年
1990年
1991年
1992年
1993年
1994年
1995年
1996年
1997年
1998年
1999年
2000年
2001年
2002年
2003年
一九七零年
一九七一年
一九七二年
一九七三年
一九七四年
一九七五年
一九七六年
一九七七年
一九七八年
一九七九年
一九八零年
一九八一年
一九八二年
一九八三年
一九八四年
一九八五年
一九八六年
一九八七年
一九八八年
一九八九年
一九九零年
一九九一年
一九九二年
一九九三年
一九九四年
一九九五年
一九九六年
一九九七年
一九九八年
一九九九年
二零零零年
二零零一年
二零零二年
二零零三年
六零年
七零年
七一年
七二年
七三年
七四年
七五年
七六年
七七年
七八年
七九年
八零年
八一年
八二年
八三年
八四年
八五年
八六年
八七年
八八年
八九年
九零年
九一年
九二年
九三年
九四年
九五年
九六年
九七年
九八年
九九年